Task-1: 

|.. 
|.. |.. 
|.. |.. |.. 
|.. |.. |.. |.. 	{3.96, 93.5, 0, 81.85, 3, 2587.96, 16.45, 35.0}
|.. |.. |.. |.. 	{3.88, 82.56, 0, 75.48, 3, 2076.68, 17.12, 28.8}
|.. |.. |.. 
|.. |.. |.. |.. 	{4.0, 126.46, 0, 81.62, 1, 2519.62, 16.43, 30.38}
|.. |.. |.. |.. 	{4.5, 136.33, 0, 78.71, 3, 2642.75, 15.2, 26.67}
|.. |.. 
|.. |.. |.. 
|.. |.. |.. |.. 	{4.08, 104.58, 0, 76.69, 2, 2296.54, 17.2, 32.31}
|.. |.. |.. |.. 	{4.08, 117.38, 0, 78.46, 1, 2378.79, 16.84, 30.0}
|.. |.. |.. 
|.. |.. |.. |.. 	{4.0, 102.16, 0, 72.04, 2, 2289.16, 16.78, 26.0}
|.. |.. |.. |.. 	{4.29, 115.5, 0, 76.08, 2, 2562.92, 15.43, 25.83}
|.. 
|.. |.. 
|.. |.. |.. 
|.. |.. |.. |.. 	{6.0, 215.15, 0, 79.08, 1, 3187.42, 16.38, 21.92}
|.. |.. |.. |.. 	{4.32, 134.38, 0, 73.4, 1, 2453.48, 16.63, 24.4}
|.. |.. |.. 
|.. |.. |.. |.. 	{6.0, 241.56, 0, 75.4, 1, 3424.64, 17.41, 20.0}
|.. |.. |.. |.. 	{6.42, 246.33, 0, 71.25, 1, 3225.04, 15.17, 19.17}
|.. |.. 
|.. |.. |.. 
|.. |.. |.. |.. 	{8.0, 334.0, 0, 77.92, 1, 3952.0, 13.88, 19.62}
|.. |.. |.. |.. 	{8.0, 308.58, 0, 74.92, 1, 4039.83, 14.02, 15.0}
|.. |.. |.. 
|.. |.. |.. |.. 	{8.0, 336.8, 0, 71.88, 1, 4091.16, 12.62, 12.4}
|.. |.. |.. |.. 	{8.0, 413.13, 0, 71.35, 1, 4449.35, 11.02, 12.17}

                 {5.49, 193.43, 0, 76.01, 1, 2970.42, 15.57, 23.84}
                 _ ['Clndrs', 'Volume', 'HpX', 'Model', 'origin', 'Lbs-', 'Acc+', 'Mpg+']
16

Task-2: 
centroid of output cluster:
{4.0, 102.0, 0, 72.12, 2, 2186.46, 16.77, 26.15}
5

Task-3: 
{4.0, 91.0, 0, 78.33, 2, 2035.0, 17.03, 36.67} {5.54, 199.15, 0, 75.94, 1, 3004.69, 15.53, 23.58}
10
