1. top6 [[1755, 16.9, 40], [2000, 16, 30], [4657, 13.5, 10], [1825, 18.6, 40], [2990, 18.2, 20], [1963, 15.5, 30]]
1. top6 [[1795, 17.5, 30], [2003, 19, 30], [2950, 17.3, 30], [3205, 11.2, 20], [3620, 18.7, 20], [2545, 17, 20]]
1. top6 [[1836, 21, 30], [2395, 16, 20], [2155, 16.4, 30], [3205, 11.2, 20], [3425, 16.9, 20], [3415, 15.8, 20]]
1. top6 [[1937, 14, 30], [2648, 15, 20], [3211, 17, 20], [4456, 13.5, 10], [1915, 14.4, 40], [4098, 14, 10]]
1. top6 [[2190, 14.1, 30], [2830, 15.9, 20], [1836, 21, 30], [2678, 16.5, 30], [4154, 13.5, 10], [4735, 11, 10]]
1. top6 [[2515, 14.8, 20], [2408, 19.5, 20], [1937, 14.2, 30], [3302, 15.5, 20], [2957, 17, 20], [2110, 19.2, 40]]
1. top6 [[2556, 13.2, 30], [4100, 13, 10], [5140, 12, 10], [3245, 15.4, 20], [2370, 13, 40], [2408, 19.5, 20]]
1. top6 [[2572, 14.9, 30], [4278, 9.5, 20], [2126, 17, 30], [2833, 15.5, 20], [3504, 12, 20], [4354, 9, 10]]
1. top6 [[2635, 18.3, 30], [2408, 19.5, 20], [2740, 16, 20], [3907, 21, 20], [3121, 16.5, 20], [2890, 17.3, 20]]
1. top6 [[2648, 15, 20], [4098, 14, 10], [1970, 17.6, 30], [2634, 13, 20], [2694, 15, 20], [4499, 12.5, 10]]
1. top6 [[2700, 12.9, 30], [1795, 17.4, 30], [2125, 17.3, 40], [2720, 13.5, 20], [2380, 20.7, 30], [2830, 15.9, 20]]
1. top6 [[2720, 13.5, 20], [2420, 12.5, 20], [3211, 17, 20], [4654, 13, 10], [3430, 17.2, 20], [3940, 13.2, 10]]
1. top6 [[2815, 14.5, 20], [1945, 16.8, 30], [4274, 12, 10], [1937, 14, 30], [2720, 13.5, 20], [2930, 15.5, 20]]
1. top6 [[2815, 14.5, 20], [3520, 16.4, 20], [3155, 18.2, 20], [2019, 16.4, 40], [2288, 17, 30], [2585, 14.5, 30]]
1. top6 [[3169, 12, 10], [2220, 14, 20], [3015, 17, 40], [4376, 15, 10], [3632, 18, 20], [2205, 14.5, 40]]
1. top6 [[3193, 17.8, 20], [2265, 18.2, 30], [1850, 13.8, 40], [2868, 15.5, 20], [3150, 15.7, 20], [4190, 13, 20]]
1. top6 [[3230, 20.4, 30], [3781, 17, 20], [2950, 17.3, 30], [4997, 14, 10], [3436, 11, 20], [1950, 19, 30]]
1. top6 [[3245, 15.4, 20], [1965, 15, 40], [1985, 16, 30], [2640, 18.6, 30], [3880, 12.5, 20], [2572, 14.9, 30]]
1. top6 [[3432, 21, 20], [1937, 14.2, 30], [4165, 11.4, 20], [2123, 14, 30], [3015, 17, 40], [3613, 16.5, 20]]
1. top6 [[3725, 19, 30], [3353, 14.5, 20], [2050, 17.3, 40], [1968, 18.8, 40], [4440, 14, 20], [3730, 19, 20]]

2. top50 [[1755, 16.9, 40], [2000, 16, 30], [4657, 13.5, 10], [1825, 18.6, 40], [2990, 18.2, 20], [1963, 15.5, 30], [2300, 15.5, 30], [3962, 13.9, 20], [2125, 14.5, 30], [3755, 14, 10], [2108, 15.5, 20], [3525, 19, 20], [4456, 13.5, 10], [2634, 13, 20], [1970, 17.6, 30], [2264, 15.5, 30], [3264, 16, 20], [3605, 15, 20], [3221, 13.5, 20], [2320, 15.8, 30], [2901, 16, 20], [2045, 18.5, 30], [3530, 20.1, 30], [2506, 14.5, 20], [1975, 19.4, 40], [2700, 12.9, 30], [3630, 17.7, 20], [2189, 18, 30], [2833, 15.5, 20], [2408, 19, 20], [1613, 18, 40], [2124, 13.5, 20], [2542, 17, 30], [2065, 14.5, 30], [2375, 17.5, 30], [3085, 17.6, 20], [3003, 20.1, 20], [2914, 16, 20], [4499, 12.5, 10], [3620, 18.7, 20], [2592, 18.5, 20], [3651, 17.7, 20], [3574, 21, 20], [3870, 15, 10], [3265, 18.2, 20], [2930, 13.8, 20], [4335, 14.5, 20], [2900, 12.6, 30], [2556, 13.2, 30], [3563, 10, 20]]
2. top50 [[1795, 17.5, 30], [2003, 19, 30], [2950, 17.3, 30], [3205, 11.2, 20], [3620, 18.7, 20], [2545, 17, 20], [2865, 16.4, 20], [3420, 22.2, 20], [2190, 14.2, 30], [3436, 11, 20], [2372, 15, 20], [3445, 13.4, 20], [2648, 15, 20], [2330, 13.5, 20], [2639, 17, 20], [2051, 17, 30], [4376, 15, 10], [2634, 13, 20], [2990, 18.2, 20], [2065, 14.5, 30], [3233, 15.4, 20], [1940, 14.5, 30], [3270, 21.9, 20], [3880, 12.5, 20], [4422, 12.5, 10], [2807, 13.5, 20], [2245, 16.9, 30], [3060, 17.1, 20], [3672, 11.5, 10], [2074, 19.5, 30], [2379, 16.5, 20], [2670, 15, 30], [4215, 13, 20], [1915, 14.4, 40], [2500, 15.1, 40], [3121, 16.5, 20], [2472, 14, 20], [4054, 14.3, 20], [2490, 15.7, 30], [4100, 13, 10], [1975, 15.2, 30], [4278, 9.5, 20], [2720, 13.5, 20], [2155, 14.8, 30], [3988, 13, 10], [3535, 19.2, 20], [3210, 17.2, 20], [3781, 17, 20], [2910, 11.4, 30], [2160, 14.5, 40]]
2. top50 [[1836, 21, 30], [2395, 16, 20], [2155, 16.4, 30], [3205, 11.2, 20], [3425, 16.9, 20], [3415, 15.8, 20], [1950, 19, 30], [2575, 16.2, 30], [2025, 18.2, 40], [3230, 20.4, 30], [4215, 13, 20], [3781, 17, 20], [2672, 17.5, 30], [4457, 13.5, 10], [3530, 20.1, 30], [2234, 12.5, 30], [2220, 14, 20], [3725, 19, 30], [2300, 14.7, 30], [2665, 13.9, 30], [2019, 16.4, 40], [2288, 17, 30], [4502, 13.5, 10], [1990, 17, 30], [4732, 18.5, 10], [3693, 11.5, 20], [3445, 13.4, 20], [2702, 13.5, 20], [3278, 18, 20], [2720, 13.5, 20], [2542, 17, 30], [2525, 16, 30], [4335, 14.5, 20], [4376, 15, 10], [4190, 13, 20], [2740, 16, 20], [2130, 24.6, 40], [2155, 14.8, 30], [4129, 13, 10], [2545, 17, 20], [3840, 15.4, 20], [3060, 17.1, 20], [3880, 12.5, 20], [2046, 19, 30], [4096, 13, 10], [3003, 20.1, 20], [1937, 14.2, 30], [2100, 16.5, 30], [3620, 18.7, 20], [1955, 20.5, 30]]
2. top50 [[1937, 14, 30], [2648, 15, 20], [3211, 17, 20], [4456, 13.5, 10], [1915, 14.4, 40], [4098, 14, 10], [4382, 13.5, 10], [2672, 17.5, 30], [2145, 18, 30], [3755, 14, 10], [4165, 11.4, 20], [3102, 16.5, 20], [2125, 14.5, 30], [3735, 13.2, 20], [1965, 15.7, 30], [4955, 11.5, 10], [3193, 17.8, 20], [3840, 15.4, 20], [4341, 10, 20], [2220, 16.9, 30], [2160, 14.5, 40], [2745, 16.7, 20], [3830, 15.2, 20], [2320, 15.8, 30], [1825, 12.2, 30], [3410, 15.8, 20], [4657, 13.5, 10], [2300, 15.5, 30], [2126, 17, 30], [3785, 19, 20], [3892, 12.5, 20], [2171, 16, 30], [2901, 16, 20], [2158, 15.5, 20], [2065, 14.5, 30], [4997, 14, 10], [3221, 13.5, 20], [3664, 11, 10], [3781, 17, 20], [2945, 14.5, 20], [2900, 12.6, 30], [1845, 15.3, 30], [4257, 15.5, 10], [2110, 17.9, 50], [2350, 16.8, 30], [2234, 12.5, 30], [1955, 20.5, 30], [3907, 21, 20], [3570, 12.8, 20], [2220, 14, 20]]
2. top50 [[2190, 14.1, 30], [2830, 15.9, 20], [1836, 21, 30], [2678, 16.5, 30], [4154, 13.5, 10], [4735, 11, 10], [2945, 14.5, 20], [2234, 12.5, 30], [3415, 15.8, 20], [1925, 14, 30], [4237, 14.5, 10], [3190, 24.8, 30], [3250, 21.8, 30], [4425, 10, 10], [3900, 17.4, 20], [2370, 13, 40], [1613, 18, 40], [2870, 18.1, 30], [1940, 14.5, 30], [1945, 16.8, 30], [2901, 16, 20], [3140, 13.6, 20], [4633, 11, 10], [2372, 15, 20], [3530, 20.1, 30], [2065, 14.5, 30], [2670, 16, 30], [1755, 16.9, 40], [2155, 16.4, 30], [1845, 15.3, 30], [2990, 18.2, 20], [2790, 15.6, 30], [2560, 14.2, 30], [4190, 13, 20], [2045, 18.5, 30], [2420, 12.5, 20], [2265, 15.2, 30], [2085, 21.7, 40], [1963, 15.5, 30], [3060, 17.1, 20], [2575, 16.2, 30], [3525, 19, 20], [2945, 16, 20], [3535, 19.2, 20], [2600, 12.8, 20], [2615, 14.8, 30], [2254, 23.5, 20], [3160, 19.6, 30], [2226, 16.5, 20], [2130, 24.6, 40]]
2. top50 [[2515, 14.8, 20], [2408, 19.5, 20], [1937, 14.2, 30], [3302, 15.5, 20], [2957, 17, 20], [2110, 19.2, 40], [2582, 14, 20], [3459, 16, 20], [2288, 17, 30], [2070, 18.6, 40], [4906, 12.5, 10], [1834, 19, 30], [3015, 17, 40], [3535, 19.2, 20], [1985, 19.4, 30], [3211, 17, 20], [3415, 15.8, 20], [2278, 15.5, 20], [3121, 16.5, 20], [4955, 11.5, 10], [2065, 17.8, 30], [4055, 12, 10], [2125, 14.5, 30], [4135, 13.5, 20], [2789, 15, 20], [2930, 13.8, 20], [2395, 16, 20], [3193, 17.8, 20], [2620, 14.4, 30], [1980, 15.3, 40], [2123, 14, 30], [1950, 21, 30], [4278, 9.5, 20], [3645, 16.2, 20], [4294, 16, 10], [1835, 17.3, 40], [4422, 12.5, 10], [3830, 15.2, 20], [1975, 19.4, 40], [2295, 11.6, 30], [2592, 18.5, 20], [2405, 14.9, 20], [2188, 15.8, 30], [2335, 23.7, 40], [5140, 12, 10], [2401, 19.5, 20], [4735, 11, 10], [4215, 13, 20], [2933, 14.5, 20], [1965, 15.7, 30]]
2. top50 [[2556, 13.2, 30], [4100, 13, 10], [5140, 12, 10], [3245, 15.4, 20], [2370, 13, 40], [2408, 19.5, 20], [2865, 16.4, 20], [1915, 14.4, 40], [2188, 15.8, 30], [2585, 14.5, 30], [1985, 16, 30], [2189, 18, 30], [1950, 21, 30], [2126, 17, 30], [3761, 9.5, 20], [2665, 13.9, 30], [1980, 15.3, 40], [2950, 19.9, 40], [2265, 18.2, 30], [2648, 15, 20], [4257, 15.5, 10], [2300, 14.5, 30], [2755, 15.8, 30], [2945, 16, 20], [3060, 17.1, 20], [2045, 16.2, 30], [3221, 13.5, 20], [3672, 11.5, 10], [2046, 19, 30], [2830, 15.9, 20], [3210, 17.2, 20], [4382, 13.5, 10], [3381, 18.7, 20], [4380, 12.1, 20], [1940, 14.5, 30], [2295, 11.6, 30], [1965, 15, 40], [2130, 14.5, 30], [3830, 15.2, 20], [2320, 15.8, 30], [4215, 12.8, 10], [1755, 16.9, 40], [2254, 23.5, 20], [4141, 14, 20], [2694, 15, 20], [1937, 14.2, 30], [3632, 18, 20], [3725, 13.4, 20], [2120, 15.5, 30], [4080, 13.7, 20]]
2. top50 [[2572, 14.9, 30], [4278, 9.5, 20], [2126, 17, 30], [2833, 15.5, 20], [3504, 12, 20], [4354, 9, 10], [1965, 15.7, 30], [2320, 15.8, 30], [2234, 12.5, 30], [2295, 11.6, 30], [4312, 8.5, 10], [3003, 20.1, 20], [3439, 15.5, 20], [2265, 15.2, 30], [2300, 14.5, 30], [2155, 16.5, 30], [2900, 12.6, 30], [2158, 15.5, 20], [2020, 19.2, 30], [3353, 14.5, 20], [3380, 15.8, 20], [4215, 12.8, 10], [2350, 16.8, 30], [2575, 16.2, 30], [2950, 17.3, 30], [2933, 14.5, 20], [4190, 13, 20], [3250, 21.8, 30], [2890, 17.3, 20], [1985, 19.4, 30], [3897, 18.5, 20], [3160, 19.6, 30], [2125, 14.7, 40], [2171, 16, 30], [3535, 19.2, 20], [3205, 11.2, 20], [2640, 18.6, 30], [3015, 17, 40], [2615, 14.8, 30], [3530, 20.1, 30], [1834, 19, 30], [4464, 11.5, 10], [3360, 16.6, 20], [2395, 16, 20], [3060, 17.1, 20], [3962, 13.9, 20], [3102, 16.5, 20], [4638, 16, 10], [2830, 15.9, 20], [4325, 12.2, 20]]
2. top50 [[2635, 18.3, 30], [2408, 19.5, 20], [2740, 16, 20], [3907, 21, 20], [3121, 16.5, 20], [2890, 17.3, 20], [2125, 17.3, 40], [1867, 19.5, 30], [1875, 16.4, 40], [2110, 19.2, 40], [2720, 15.4, 30], [3264, 16, 20], [3574, 21, 20], [4380, 12.1, 20], [2395, 16, 20], [2694, 15, 20], [3015, 17, 40], [2640, 18.6, 30], [2100, 16.5, 30], [2930, 13.8, 20], [2265, 18.2, 30], [2223, 16.5, 30], [2774, 15.5, 20], [2245, 16.9, 30], [2200, 13.2, 30], [4080, 13.7, 20], [2130, 14.5, 30], [4060, 19, 20], [2833, 15.5, 20], [2700, 12.9, 30], [3664, 11, 10], [3360, 16.6, 20], [1835, 20.5, 30], [2600, 12.8, 20], [2189, 18, 30], [2130, 24.6, 40], [4354, 9, 10], [1825, 18.6, 40], [4699, 14.5, 10], [2215, 14.9, 30], [1990, 14.9, 30], [3250, 21.8, 30], [2615, 14.8, 30], [2330, 13.5, 20], [1990, 17, 30], [4274, 12, 10], [3988, 13, 10], [3755, 14, 10], [2635, 16.4, 30], [4732, 18.5, 10]]
2. top50 [[2648, 15, 20], [4098, 14, 10], [1970, 17.6, 30], [2634, 13, 20], [2694, 15, 20], [4499, 12.5, 10], [2900, 12.6, 30], [3420, 22.2, 20], [2965, 15.8, 20], [3672, 11.5, 10], [2215, 14.9, 30], [1800, 16.4, 40], [2335, 23.7, 40], [2639, 17, 20], [3193, 17.8, 20], [3459, 16, 20], [2100, 16.5, 30], [3630, 17.7, 20], [2600, 12.8, 20], [2901, 16, 20], [2464, 15.5, 30], [2702, 13.5, 20], [2124, 13.5, 20], [3432, 21, 20], [3465, 16.6, 20], [2126, 17, 30], [4054, 14.3, 20], [2188, 15.8, 30], [3021, 16.5, 20], [2660, 14, 20], [1965, 15, 40], [2350, 16.8, 30], [2865, 16.4, 20], [1955, 20.5, 30], [4042, 14.5, 10], [3988, 13, 10], [2635, 18.3, 30], [3530, 20.1, 30], [2755, 15.8, 30], [2678, 16.5, 30], [4077, 14, 10], [3892, 12.5, 20], [3410, 15.1, 20], [1835, 17.3, 40], [3250, 21.8, 30], [2223, 16.5, 30], [2472, 14, 20], [2945, 16, 20], [2962, 13.5, 20], [2620, 14.4, 30]]
2. top50 [[2700, 12.9, 30], [1795, 17.4, 30], [2125, 17.3, 40], [2720, 13.5, 20], [2380, 20.7, 30], [2830, 15.9, 20], [3070, 16.7, 20], [2489, 15, 20], [3850, 8.5, 20], [3870, 15, 10], [2635, 16.4, 30], [2065, 17.8, 30], [3039, 15, 20], [2130, 14.5, 30], [3012, 17.6, 20], [3840, 15.4, 20], [1980, 15.3, 40], [2123, 14, 30], [3021, 16.5, 20], [2000, 16, 30], [4502, 13.5, 10], [2694, 15, 20], [2678, 16.5, 30], [2254, 23.5, 20], [2635, 18.3, 30], [2370, 13, 40], [3449, 10.5, 20], [3900, 17.4, 20], [3425, 13.2, 20], [4278, 9.5, 20], [1990, 14.9, 30], [2735, 18, 30], [1970, 17.6, 30], [3150, 15.7, 20], [2320, 15.8, 30], [1995, 16.2, 40], [3336, 17, 20], [2740, 16, 20], [4165, 11.4, 20], [2408, 19, 20], [2542, 17.5, 30], [2575, 16.2, 30], [4654, 13, 10], [2790, 15.6, 30], [3430, 17.2, 20], [2525, 16, 30], [1836, 21, 30], [2672, 17.5, 30], [2900, 12.6, 30], [2600, 12.8, 20]]
2. top50 [[2720, 13.5, 20], [2420, 12.5, 20], [3211, 17, 20], [4654, 13, 10], [3430, 17.2, 20], [3940, 13.2, 10], [3880, 12.5, 20], [1835, 17.3, 40], [3520, 16.4, 20], [2990, 18.2, 20], [3892, 12.5, 20], [2205, 14.5, 40], [2556, 13.2, 30], [2123, 14, 30], [2979, 19.5, 20], [1990, 14.9, 30], [2164, 15, 30], [2700, 12.9, 30], [2506, 14.5, 20], [2164, 22.1, 20], [2126, 17, 30], [4055, 12, 10], [2000, 16, 30], [2910, 11.4, 30], [1985, 16, 30], [2605, 19.6, 30], [3420, 22.2, 20], [2234, 12.5, 30], [4082, 13, 20], [3613, 16.5, 20], [1925, 14, 30], [3725, 13.4, 20], [3907, 21, 20], [2930, 15.5, 20], [3563, 10, 20], [2391, 15.5, 30], [1970, 17.6, 30], [2694, 15, 20], [1937, 14.2, 30], [4668, 11.5, 20], [2950, 17.3, 30], [2670, 15, 30], [2720, 19.4, 30], [2379, 16.5, 20], [3755, 14, 10], [4657, 13.5, 10], [2025, 18.2, 40], [2592, 18.5, 20], [2595, 11.3, 30], [4129, 13, 10]]
2. top50 [[2815, 14.5, 20], [1945, 16.8, 30], [4274, 12, 10], [1937, 14, 30], [2720, 13.5, 20], [2930, 15.5, 20], [2125, 17.3, 40], [3940, 13, 20], [2265, 15.5, 30], [4363, 13, 10], [1965, 15.7, 30], [2100, 16.5, 30], [2585, 14.5, 30], [2125, 14.7, 40], [3563, 10, 20], [4215, 12.8, 10], [2223, 16.5, 30], [3282, 15, 20], [3210, 17.2, 20], [2965, 15.8, 20], [2408, 19.5, 20], [1835, 20.5, 30], [2950, 19.9, 40], [2575, 16.2, 30], [1795, 17.5, 30], [2890, 17.3, 20], [3530, 20.1, 30], [2228, 14, 30], [2120, 15.5, 30], [2720, 15.4, 30], [2123, 14, 30], [4080, 13.7, 20], [2155, 14.8, 30], [3158, 19.5, 20], [2300, 14.7, 30], [2385, 12.9, 30], [1800, 16.4, 40], [3230, 20.4, 30], [2678, 16.5, 30], [2901, 16, 20], [1990, 14.9, 30], [4385, 12, 10], [2144, 14.7, 40], [4055, 12, 10], [4952, 11.5, 10], [4082, 13, 20], [3940, 13.2, 10], [4077, 14, 10], [1755, 16.9, 40], [4951, 11, 10]]
2. top50 [[2815, 14.5, 20], [3520, 16.4, 20], [3155, 18.2, 20], [2019, 16.4, 40], [2288, 17, 30], [2585, 14.5, 30], [4638, 16, 10], [1968, 18.8, 40], [2625, 18.6, 30], [3381, 18.7, 20], [2930, 15.5, 20], [2511, 18, 20], [3270, 21.9, 20], [3169, 12, 10], [2074, 19.5, 30], [2835, 14.7, 20], [2290, 17, 30], [3465, 16.6, 20], [4257, 15.5, 10], [4055, 12, 10], [2065, 17.8, 30], [3021, 16.5, 20], [4464, 12, 10], [3211, 17, 20], [1965, 15.7, 30], [3233, 15.4, 20], [2774, 15.5, 20], [3282, 15, 20], [2620, 14.4, 30], [2160, 14.5, 40], [1649, 16.5, 30], [3730, 19, 20], [5140, 12, 10], [2694, 15, 20], [2905, 14.3, 20], [2385, 12.9, 30], [3380, 15.8, 20], [1795, 17.4, 30], [2223, 16.5, 30], [3821, 11, 10], [3755, 14, 10], [3988, 13, 10], [1925, 14, 30], [2430, 14.5, 20], [2202, 15.3, 30], [3907, 21, 20], [2957, 17, 20], [2789, 15, 20], [3190, 24.8, 30], [2046, 19, 30]]
2. top50 [[3169, 12, 10], [2220, 14, 20], [3015, 17, 40], [4376, 15, 10], [3632, 18, 20], [2205, 14.5, 40], [1955, 20.5, 30], [3410, 15.1, 20], [2542, 17.5, 30], [2158, 15.5, 20], [2800, 14.4, 30], [1850, 13.8, 40], [3329, 15.5, 20], [4054, 14.3, 20], [3777, 12.5, 20], [3282, 15, 20], [3410, 15.8, 20], [2702, 13.5, 20], [2933, 14.5, 20], [2605, 19.6, 30], [4654, 13, 10], [4360, 14.9, 20], [2265, 18.2, 30], [3725, 13.4, 20], [2640, 18.6, 30], [1950, 21, 30], [4154, 13.5, 10], [3520, 16.4, 20], [2950, 19.9, 40], [3781, 17, 20], [2265, 15.5, 30], [2045, 18.5, 30], [1963, 15.5, 30], [3563, 10, 20], [2694, 15, 20], [3755, 14, 10], [2000, 16, 30], [3672, 11.5, 20], [3302, 15.5, 20], [2188, 15.8, 30], [2500, 15.1, 40], [3459, 16, 20], [2385, 12.9, 30], [3761, 9.5, 20], [2525, 16, 30], [3193, 17.8, 20], [2914, 16, 20], [3620, 18.7, 20], [3735, 13.2, 20], [1867, 19.5, 30]]
2. top50 [[3193, 17.8, 20], [2265, 18.2, 30], [1850, 13.8, 40], [2868, 15.5, 20], [3150, 15.7, 20], [4190, 13, 20], [2720, 13.5, 20], [4082, 13, 20], [2865, 16.4, 20], [2833, 15.5, 20], [4456, 13.5, 10], [2595, 11.3, 30], [3160, 19.6, 30], [2350, 16.8, 30], [1985, 21.5, 40], [2592, 18.5, 20], [2234, 12.5, 30], [4464, 12, 10], [2070, 18.6, 40], [2855, 17.6, 20], [2670, 15, 30], [1955, 20.5, 30], [3070, 16.7, 20], [2464, 15.5, 30], [2945, 16.4, 30], [2789, 15, 20], [3021, 16.5, 20], [4440, 14, 20], [2046, 19, 30], [3415, 15.8, 20], [3672, 11.5, 10], [3445, 13.4, 20], [1834, 19, 30], [3672, 11.5, 20], [1760, 16.1, 40], [4654, 13, 10], [3725, 19, 30], [3830, 15.2, 20], [1825, 12.2, 30], [2135, 16.6, 30], [3060, 17.1, 20], [2979, 19.5, 20], [2290, 17, 30], [2205, 14.5, 40], [2171, 16, 30], [2506, 14.5, 20], [2587, 16, 20], [2255, 17.7, 30], [2914, 16, 20], [3139, 14.5, 20]]
2. top50 [[3230, 20.4, 30], [3781, 17, 20], [2950, 17.3, 30], [4997, 14, 10], [3436, 11, 20], [1950, 19, 30], [3003, 20.1, 20], [2833, 15.5, 20], [2164, 15, 30], [2379, 16.5, 20], [4129, 13, 10], [2405, 14.9, 20], [2735, 18, 30], [3264, 16, 20], [4906, 12.5, 10], [3761, 9.5, 20], [4955, 11.5, 10], [1834, 19, 30], [3880, 12.5, 20], [1990, 14.9, 30], [3190, 24.8, 30], [4154, 13.5, 10], [2582, 14, 20], [1836, 21, 30], [4274, 12, 10], [3785, 19, 20], [2391, 15.5, 30], [4657, 13.5, 10], [2075, 15.9, 30], [2605, 19.6, 30], [2904, 16, 20], [2855, 17.6, 20], [2720, 19.4, 30], [2350, 16.8, 30], [2890, 17.3, 20], [4464, 11.5, 10], [2085, 21.7, 40], [2125, 17.3, 40], [2375, 17.5, 30], [2615, 14.8, 30], [4464, 12, 10], [3221, 13.5, 20], [3302, 15.5, 20], [2635, 18.3, 30], [3439, 15.5, 20], [1945, 16.8, 30], [4054, 14.3, 20], [3380, 15.8, 20], [4209, 12, 10], [3360, 16.6, 20]]
2. top50 [[3245, 15.4, 20], [1965, 15, 40], [1985, 16, 30], [2640, 18.6, 30], [3880, 12.5, 20], [2572, 14.9, 30], [3086, 10, 10], [4294, 16, 10], [2515, 14.8, 20], [2945, 14.5, 20], [2635, 16.4, 30], [2595, 11.3, 30], [4055, 12, 10], [1950, 21, 30], [2833, 15.5, 20], [3777, 12.5, 20], [2171, 16, 30], [4456, 13.5, 10], [2200, 13.2, 30], [2155, 16.4, 30], [2190, 14.1, 30], [5140, 12, 10], [4464, 11.5, 10], [2135, 16.6, 30], [1990, 17, 30], [2395, 18, 30], [3820, 16.7, 20], [2711, 15.5, 30], [2930, 13.8, 20], [3570, 12.8, 20], [3265, 18.2, 20], [4325, 12.2, 20], [3725, 13.4, 20], [2130, 14.5, 30], [3270, 21.9, 20], [4220, 11.1, 20], [3278, 18, 20], [1985, 21.5, 40], [3955, 13.2, 20], [2265, 18.2, 30], [2565, 13.6, 30], [4699, 14.5, 10], [2108, 15.5, 20], [2489, 15, 20], [2310, 18.5, 20], [4906, 12.5, 10], [1649, 16.5, 30], [2158, 15.5, 20], [2223, 16.5, 30], [4735, 11, 10]]
2. top50 [[3432, 21, 20], [1937, 14.2, 30], [4165, 11.4, 20], [2123, 14, 30], [3015, 17, 40], [3613, 16.5, 20], [3609, 8, 10], [2930, 15.5, 20], [2155, 14.8, 30], [3693, 11.5, 20], [2160, 14.5, 40], [2245, 16.9, 30], [4140, 13.7, 20], [2587, 16, 20], [2210, 14.4, 30], [2901, 16, 20], [2120, 15.5, 30], [2278, 15.5, 20], [2472, 14, 20], [2560, 14.2, 30], [2875, 17, 20], [1835, 17.3, 40], [2815, 14.5, 20], [2051, 17, 30], [2065, 14.5, 30], [1800, 16.4, 40], [2434, 15, 40], [1915, 14.4, 40], [2335, 23.7, 40], [2914, 16, 20], [3504, 12, 20], [2605, 19.6, 30], [2620, 14.4, 30], [2046, 19, 30], [2542, 17.5, 30], [2228, 14, 30], [3777, 12.5, 20], [2370, 13, 40], [2372, 15, 20], [2870, 18.1, 30], [3139, 14.5, 20], [4382, 13.5, 10], [2130, 14.7, 40], [3730, 19, 20], [2648, 15, 20], [2220, 16.9, 30], [2135, 16.6, 30], [3425, 16.9, 20], [2264, 15.5, 30], [3035, 20.5, 20]]
2. top50 [[3725, 19, 30], [3353, 14.5, 20], [2050, 17.3, 40], [1968, 18.8, 40], [4440, 14, 20], [3730, 19, 20], [3620, 18.7, 20], [2648, 15, 20], [4154, 13.5, 10], [3221, 13.5, 20], [3086, 10, 10], [2945, 16, 20], [3735, 13.2, 20], [3664, 11, 10], [1970, 17.6, 30], [2725, 12.6, 20], [2634, 13, 20], [4129, 13, 10], [4502, 13.5, 10], [2164, 15, 30], [2255, 17.7, 30], [3433, 12, 20], [2279, 19, 20], [3245, 15.4, 20], [1649, 16.5, 30], [3821, 11, 10], [1965, 15, 40], [3900, 17.4, 20], [3459, 16, 20], [2990, 18.2, 20], [3850, 8.5, 20], [2660, 14, 20], [2219, 16.5, 30], [2108, 15.5, 20], [2905, 14.3, 20], [2506, 14.5, 20], [3270, 21.9, 20], [2125, 17.3, 40], [4257, 15.5, 10], [3761, 9.5, 20], [4657, 13.5, 10], [2290, 17, 30], [3210, 17.2, 20], [2625, 18.6, 30], [2525, 16, 30], [2789, 15, 20], [3693, 11.5, 20], [2391, 15.5, 30], [2833, 15.5, 20], [1795, 17.5, 30]]

3. most: [2130, 24.6, 40]
3. most: [2130, 24.6, 40]
3. most: [2130, 24.6, 40]
3. most: [2130, 24.6, 40]
3. most: [2130, 24.6, 40]
3. most: [2130, 24.6, 40]
3. most: [2130, 24.6, 40]
3. most: [2130, 24.6, 40]
3. most: [2130, 24.6, 40]
3. most: [2130, 24.6, 40]
3. most: [2130, 24.6, 40]
3. most: [2130, 24.6, 40]
3. most: [2130, 24.6, 40]
3. most: [2130, 24.6, 40]
3. most: [2130, 24.6, 40]
3. most: [2130, 24.6, 40]
3. most: [2130, 24.6, 40]
3. most: [2130, 24.6, 40]
3. most: [2130, 24.6, 40]
3. most: [2130, 24.6, 40]

4. rand: [2118.0, 15.76, 26.0]
4. rand: [2132.4, 15.86, 28.0]
4. rand: [2372.6, 16.18, 30.0]
4. rand: [2386.4, 16.28, 26.0]
4. rand: [2394.8, 16.74, 30.0]
4. rand: [2415.0, 16.4, 30.0]
4. rand: [2445.4, 14.4, 28.0]
4. rand: [2463.2, 16.06, 28.0]
4. rand: [2465.0, 16.44, 26.0]
4. rand: [2490.0, 15.86, 28.0]
4. rand: [2492.2, 18.04, 28.0]
4. rand: [2532.6, 15.56, 28.0]
4. rand: [2545.4, 15.48, 26.0]
4. rand: [2547.8, 14.1, 28.0]
4. rand: [2559.0, 16.24, 30.0]
4. rand: [2562.2, 15.12, 28.0]
4. rand: [2593.0, 17.52, 26.0]
4. rand: [2594.2, 16.26, 28.0]
4. rand: [2598.6, 16.32, 30.0]
4. rand: [2599.2, 15.68, 26.0]
4. rand: [2600.2, 16.48, 24.0]
4. rand: [2603.0, 14.08, 24.0]
4. rand: [2605.2, 15.54, 30.0]
4. rand: [2607.6, 17.54, 24.0]
4. rand: [2608.0, 14.34, 24.0]
4. rand: [2620.0, 17.94, 24.0]
4. rand: [2622.2, 17.04, 26.0]
4. rand: [2623.0, 14.2, 24.0]
4. rand: [2633.0, 16.76, 28.0]
4. rand: [2643.2, 19.24, 22.0]
4. rand: [2647.6, 15.9, 26.0]
4. rand: [2650.6, 18.14, 26.0]
4. rand: [2653.8, 14.9, 20.0]
4. rand: [2653.8, 18.28, 24.0]
4. rand: [2655.6, 14.74, 28.0]
4. rand: [2655.6, 15.46, 26.0]
4. rand: [2660.8, 15.2, 26.0]
4. rand: [2664.2, 15.46, 24.0]
4. rand: [2666.2, 16.2, 26.0]
4. rand: [2682.8, 15.6, 26.0]
4. rand: [2702.2, 17.16, 24.0]
4. rand: [2704.4, 16.08, 28.0]
4. rand: [2706.2, 15.3, 24.0]
4. rand: [2713.8, 17.36, 26.0]
4. rand: [2714.0, 18.46, 28.0]
4. rand: [2715.0, 16.78, 26.0]
4. rand: [2717.8, 14.6, 22.0]
4. rand: [2718.6, 17.38, 26.0]
4. rand: [2720.0, 14.9, 26.0]
4. rand: [2720.4, 14.48, 30.0]
4. rand: [2723.6, 14.34, 24.0]
4. rand: [2726.8, 16.72, 26.0]
4. rand: [2729.8, 19.02, 30.0]
4. rand: [2741.0, 16.3, 30.0]
4. rand: [2743.0, 17.0, 24.0]
4. rand: [2746.4, 14.86, 26.0]
4. rand: [2747.4, 15.8, 32.0]
4. rand: [2754.0, 15.46, 26.0]
4. rand: [2767.6, 14.36, 24.0]
4. rand: [2770.0, 16.3, 22.0]
4. rand: [2770.2, 14.46, 26.0]
4. rand: [2776.6, 16.18, 24.0]
4. rand: [2778.2, 16.24, 26.0]
4. rand: [2780.4, 17.1, 26.0]
4. rand: [2791.4, 14.68, 26.0]
4. rand: [2794.6, 16.38, 26.0]
4. rand: [2795.8, 17.72, 28.0]
4. rand: [2797.4, 16.0, 24.0]
4. rand: [2799.4, 15.86, 28.0]
4. rand: [2799.4, 16.32, 24.0]
4. rand: [2800.0, 17.26, 26.0]
4. rand: [2803.6, 17.96, 26.0]
4. rand: [2807.8, 18.64, 24.0]
4. rand: [2809.0, 15.98, 30.0]
4. rand: [2813.6, 18.04, 26.0]
4. rand: [2814.4, 15.82, 24.0]
4. rand: [2821.6, 18.78, 26.0]
4. rand: [2824.8, 14.34, 28.0]
4. rand: [2834.6, 15.04, 20.0]
4. rand: [2838.4, 15.64, 28.0]
4. rand: [2840.2, 16.74, 28.0]
4. rand: [2843.4, 18.66, 26.0]
4. rand: [2845.0, 14.56, 24.0]
4. rand: [2850.6, 16.96, 26.0]
4. rand: [2864.4, 15.72, 24.0]
4. rand: [2865.6, 16.22, 24.0]
4. rand: [2871.8, 15.24, 24.0]
4. rand: [2878.4, 14.7, 22.0]
4. rand: [2893.4, 15.3, 26.0]
4. rand: [2893.8, 13.82, 24.0]
4. rand: [2897.4, 16.58, 24.0]
4. rand: [2900.0, 14.28, 22.0]
4. rand: [2904.6, 14.98, 28.0]
4. rand: [2908.4, 17.42, 28.0]
4. rand: [2916.0, 14.76, 24.0]
4. rand: [2923.8, 15.66, 24.0]
4. rand: [2924.2, 16.18, 26.0]
4. rand: [2925.6, 15.24, 22.0]
4. rand: [2928.4, 13.76, 26.0]
4. rand: [2928.4, 15.82, 22.0]
4. rand: [2929.6, 15.34, 20.0]
4. rand: [2942.0, 15.02, 28.0]
4. rand: [2944.4, 16.32, 26.0]
4. rand: [2945.6, 13.98, 20.0]
4. rand: [2946.8, 14.72, 24.0]
4. rand: [2959.0, 14.26, 22.0]
4. rand: [2964.0, 15.6, 24.0]
4. rand: [2966.8, 16.1, 24.0]
4. rand: [2977.6, 16.18, 22.0]
4. rand: [2984.2, 15.42, 22.0]
4. rand: [2989.6, 17.04, 24.0]
4. rand: [2999.0, 15.34, 22.0]
4. rand: [2999.0, 16.08, 22.0]
4. rand: [2999.0, 16.6, 28.0]
4. rand: [3001.0, 16.2, 20.0]
4. rand: [3005.8, 15.56, 22.0]
4. rand: [3016.6, 15.3, 24.0]
4. rand: [3018.8, 15.64, 24.0]
4. rand: [3020.8, 15.08, 22.0]
4. rand: [3021.8, 16.68, 20.0]
4. rand: [3029.6, 15.66, 24.0]
4. rand: [3049.4, 14.54, 20.0]
4. rand: [3051.6, 14.78, 22.0]
4. rand: [3056.8, 15.1, 26.0]
4. rand: [3064.0, 13.98, 22.0]
4. rand: [3068.4, 14.86, 22.0]
4. rand: [3073.2, 14.96, 22.0]
4. rand: [3080.0, 17.72, 26.0]
4. rand: [3082.2, 15.16, 22.0]
4. rand: [3083.8, 18.42, 24.0]
4. rand: [3091.0, 14.22, 24.0]
4. rand: [3093.6, 15.52, 24.0]
4. rand: [3106.6, 15.28, 24.0]
4. rand: [3108.6, 14.98, 26.0]
4. rand: [3109.4, 14.6, 22.0]
4. rand: [3110.2, 16.72, 22.0]
4. rand: [3115.2, 14.86, 18.0]
4. rand: [3115.4, 15.74, 22.0]
4. rand: [3116.6, 13.92, 22.0]
4. rand: [3133.6, 14.14, 20.0]
4. rand: [3142.6, 17.62, 24.0]
4. rand: [3148.2, 15.1, 20.0]
4. rand: [3160.8, 14.28, 24.0]
4. rand: [3162.4, 15.26, 22.0]
4. rand: [3163.0, 18.34, 24.0]
4. rand: [3164.6, 17.22, 22.0]
4. rand: [3170.4, 15.18, 24.0]
4. rand: [3176.0, 14.14, 22.0]
4. rand: [3182.2, 14.94, 24.0]
4. rand: [3194.6, 15.7, 20.0]
4. rand: [3198.8, 15.48, 20.0]
4. rand: [3200.4, 13.44, 22.0]
4. rand: [3213.8, 16.54, 22.0]
4. rand: [3218.2, 14.72, 24.0]
4. rand: [3220.4, 16.04, 22.0]
4. rand: [3221.2, 13.88, 18.0]
4. rand: [3222.6, 13.98, 22.0]
4. rand: [3227.0, 15.98, 22.0]
4. rand: [3247.6, 14.24, 24.0]
4. rand: [3252.4, 16.16, 22.0]
4. rand: [3262.2, 14.76, 20.0]
4. rand: [3270.8, 14.3, 22.0]
4. rand: [3272.8, 17.12, 20.0]
4. rand: [3282.6, 14.06, 20.0]
4. rand: [3286.0, 16.66, 24.0]
4. rand: [3291.8, 14.56, 22.0]
4. rand: [3296.4, 17.02, 26.0]
4. rand: [3299.8, 15.2, 20.0]
4. rand: [3300.6, 16.36, 18.0]
4. rand: [3304.2, 13.2, 20.0]
4. rand: [3323.0, 17.74, 22.0]
4. rand: [3325.2, 14.92, 20.0]
4. rand: [3326.6, 15.02, 20.0]
4. rand: [3338.0, 15.06, 18.0]
4. rand: [3348.2, 14.32, 20.0]
4. rand: [3350.2, 15.24, 20.0]
4. rand: [3350.6, 15.38, 24.0]
4. rand: [3363.0, 15.48, 22.0]
4. rand: [3364.8, 14.54, 20.0]
4. rand: [3372.2, 14.4, 18.0]
4. rand: [3374.0, 16.82, 26.0]
4. rand: [3403.2, 13.7, 20.0]
4. rand: [3414.2, 13.16, 22.0]
4. rand: [3425.6, 14.4, 20.0]
4. rand: [3425.6, 15.9, 20.0]
4. rand: [3431.8, 16.66, 22.0]
4. rand: [3498.4, 14.86, 22.0]
4. rand: [3505.0, 14.34, 18.0]
4. rand: [3506.8, 14.9, 20.0]
4. rand: [3540.6, 14.68, 20.0]
4. rand: [3575.2, 15.0, 20.0]
4. rand: [3600.2, 14.18, 18.0]
4. rand: [3612.6, 16.68, 18.0]
4. rand: [3676.2, 15.22, 20.0]
4. rand: [3678.6, 15.7, 20.0]
4. rand: [3698.2, 14.44, 18.0]
4. rand: [3767.0, 13.24, 18.0]
4. rand: [3792.4, 14.16, 20.0]
4. rand: [3844.8, 15.78, 18.0]
4. rand: [3881.2, 13.9, 14.0]

5. mid: [2077.29, 17.0, 31.35]
5. mid: [2113.0, 16.58, 28.33]
5. mid: [2113.0, 16.58, 28.33]
5. mid: [2113.0, 16.58, 28.33]
5. mid: [2133.34, 16.71, 31.35]
5. mid: [2133.34, 16.71, 31.35]
5. mid: [2133.34, 16.71, 31.35]
5. mid: [2229.25, 16.53, 29.81]
5. mid: [2302.04, 16.59, 29.35]
5. mid: [2302.04, 16.59, 29.35]
5. mid: [2302.41, 16.61, 29.64]
5. mid: [2302.41, 16.61, 29.64]
5. mid: [2302.93, 16.62, 29.64]
5. mid: [2303.71, 16.6, 29.65]
5. mid: [2304.1, 16.61, 29.64]
5. mid: [2304.3, 16.59, 29.6]
5. mid: [2304.3, 16.59, 29.6]
5. mid: [2304.3, 16.59, 29.6]
5. mid: [2304.31, 16.61, 29.6]
5. mid: [2304.63, 16.62, 29.6]
5. mid: [2304.66, 16.57, 29.49]
5. mid: [2304.92, 16.56, 29.65]
5. mid: [2304.92, 16.56, 29.65]
5. mid: [2305.03, 16.66, 29.6]
5. mid: [2305.03, 16.66, 29.6]
5. mid: [2305.03, 16.66, 29.6]
5. mid: [2305.25, 16.57, 29.49]
5. mid: [2305.25, 16.57, 29.49]
5. mid: [2305.25, 16.57, 29.49]
5. mid: [2305.26, 16.61, 29.55]
5. mid: [2305.47, 16.58, 29.54]
5. mid: [2305.47, 16.58, 29.54]
5. mid: [2305.95, 16.61, 29.5]
5. mid: [2305.95, 16.61, 29.5]
5. mid: [2306.02, 16.61, 29.55]
5. mid: [2306.02, 16.61, 29.55]
5. mid: [2306.02, 16.61, 29.55]
5. mid: [2306.17, 16.58, 29.55]
5. mid: [2306.35, 16.58, 29.69]
5. mid: [2306.47, 16.62, 29.55]
5. mid: [2306.47, 16.62, 29.55]
5. mid: [2306.47, 16.62, 29.55]
5. mid: [2306.47, 16.62, 29.55]
5. mid: [2306.47, 16.62, 29.55]
5. mid: [2306.47, 16.62, 29.55]
5. mid: [2306.53, 16.59, 29.6]
5. mid: [2306.53, 16.59, 29.6]
5. mid: [2306.64, 16.57, 29.55]
5. mid: [2306.68, 16.58, 29.6]
5. mid: [2306.68, 16.58, 29.6]
5. mid: [2306.74, 16.65, 29.54]
5. mid: [2306.75, 16.59, 29.5]
5. mid: [2306.75, 16.59, 29.5]
5. mid: [2306.75, 16.59, 29.5]
5. mid: [2306.79, 16.56, 29.65]
5. mid: [2306.79, 16.56, 29.65]
5. mid: [2306.83, 16.58, 29.55]
5. mid: [2306.83, 16.58, 29.55]
5. mid: [2306.84, 16.62, 29.5]
5. mid: [2306.85, 16.59, 29.54]
5. mid: [2306.85, 16.59, 29.54]
5. mid: [2306.85, 16.59, 29.54]
5. mid: [2306.85, 16.59, 29.54]
5. mid: [2306.91, 16.6, 29.44]
5. mid: [2306.96, 16.53, 29.64]
5. mid: [2307.03, 16.62, 29.59]
5. mid: [2307.03, 16.65, 29.55]
5. mid: [2307.07, 16.62, 29.59]
5. mid: [2307.12, 16.58, 29.6]
5. mid: [2307.12, 16.58, 29.6]
5. mid: [2307.12, 16.58, 29.6]
5. mid: [2307.12, 16.58, 29.6]
5. mid: [2307.12, 16.58, 29.6]
5. mid: [2307.13, 16.58, 29.49]
5. mid: [2307.13, 16.58, 29.49]
5. mid: [2307.23, 16.58, 29.5]
5. mid: [2307.24, 16.65, 29.55]
5. mid: [2307.24, 16.65, 29.55]
5. mid: [2307.24, 16.65, 29.55]
5. mid: [2307.24, 16.65, 29.55]
5. mid: [2307.24, 16.65, 29.55]
5. mid: [2307.27, 16.58, 29.36]
5. mid: [2307.3, 16.54, 29.64]
5. mid: [2307.41, 16.6, 29.55]
5. mid: [2307.43, 16.56, 29.36]
5. mid: [2307.44, 16.57, 29.5]
5. mid: [2307.44, 16.57, 29.5]
5. mid: [2307.44, 16.57, 29.5]
5. mid: [2307.44, 16.57, 29.5]
5. mid: [2307.47, 16.58, 29.6]
5. mid: [2307.55, 16.58, 29.55]
5. mid: [2307.55, 16.59, 29.7]
5. mid: [2307.56, 16.56, 29.6]
5. mid: [2307.56, 16.6, 29.65]
5. mid: [2307.84, 16.59, 29.5]
5. mid: [2308.04, 16.58, 29.5]
5. mid: [2308.18, 16.59, 29.41]
5. mid: [2308.4, 16.59, 29.6]
5. mid: [2308.73, 16.58, 29.5]
5. mid: [2308.88, 16.56, 29.6]
5. mid: [2308.88, 16.56, 29.6]
5. mid: [2308.88, 16.6, 29.59]
5. mid: [2308.88, 16.6, 29.59]
5. mid: [2308.88, 16.6, 29.59]
5. mid: [2308.92, 16.56, 29.6]
5. mid: [2308.98, 16.58, 29.5]
5. mid: [2309.11, 16.6, 29.5]
5. mid: [2309.15, 16.57, 29.59]
5. mid: [2309.18, 16.63, 29.59]
5. mid: [2309.19, 16.61, 29.45]
5. mid: [2309.2, 16.59, 29.49]
5. mid: [2309.44, 16.57, 29.45]
5. mid: [2309.65, 16.58, 29.55]
5. mid: [2309.66, 16.62, 29.54]
5. mid: [2310.1, 16.64, 29.54]
5. mid: [2310.1, 16.64, 29.54]
5. mid: [2310.17, 16.57, 29.49]
5. mid: [2310.98, 16.61, 29.49]
5. mid: [2310.99, 16.63, 29.5]
5. mid: [2311.02, 16.57, 29.4]
5. mid: [2311.02, 16.57, 29.4]
5. mid: [2311.05, 16.58, 29.45]
5. mid: [2311.16, 16.64, 29.55]
5. mid: [2311.82, 16.62, 29.5]
5. mid: [2312.19, 16.58, 29.5]
5. mid: [2312.19, 16.58, 29.5]
5. mid: [2312.19, 16.58, 29.5]
5. mid: [2312.19, 16.58, 29.5]
5. mid: [2312.49, 16.63, 29.55]
5. mid: [2312.53, 16.62, 29.5]
5. mid: [2312.53, 16.62, 29.5]
5. mid: [2312.64, 16.6, 29.49]
5. mid: [2312.66, 16.62, 29.39]
5. mid: [2313.14, 16.62, 29.39]
5. mid: [2313.14, 16.62, 29.39]
5. mid: [2313.26, 16.6, 29.45]
5. mid: [2313.26, 16.6, 29.45]
5. mid: [2313.26, 16.6, 29.45]
5. mid: [2313.27, 16.61, 29.44]
5. mid: [2313.27, 16.61, 29.44]
5. mid: [2313.42, 16.57, 29.5]
5. mid: [2313.42, 16.57, 29.5]
5. mid: [2313.82, 16.57, 29.34]
5. mid: [2313.82, 16.57, 29.34]
5. mid: [2313.82, 16.57, 29.34]
5. mid: [2314.34, 16.61, 29.44]
5. mid: [2315.7, 16.61, 29.48]
5. mid: [2315.7, 16.61, 29.48]
5. mid: [2316.03, 16.61, 29.44]
5. mid: [2316.03, 16.61, 29.44]
5. mid: [2316.2, 16.58, 29.34]
5. mid: [2327.15, 16.44, 30.79]
5. mid: [2337.75, 16.52, 30.72]
5. mid: [2337.75, 16.52, 30.72]
5. mid: [2337.75, 16.52, 30.72]
5. mid: [2353.38, 16.48, 28.95]
5. mid: [2363.74, 16.39, 28.85]
5. mid: [2370.37, 16.37, 28.93]
5. mid: [2377.9, 16.37, 28.78]
5. mid: [2379.04, 16.36, 28.73]
5. mid: [2385.64, 16.44, 28.83]
5. mid: [2400.71, 16.4, 29.11]
5. mid: [2463.44, 16.17, 28.07]
5. mid: [2483.26, 16.45, 28.14]
5. mid: [2565.29, 16.37, 27.56]
5. mid: [2566.08, 16.48, 26.96]
5. mid: [2568.51, 16.47, 27.02]
5. mid: [2569.18, 16.48, 26.96]
5. mid: [2569.44, 16.47, 26.98]
5. mid: [2569.88, 16.47, 27.01]
5. mid: [2570.55, 16.48, 26.97]
5. mid: [2571.12, 16.47, 26.95]
5. mid: [2571.12, 16.47, 26.95]
5. mid: [2571.12, 16.47, 26.95]
5. mid: [2571.12, 16.47, 26.95]
5. mid: [2572.39, 16.47, 26.99]
5. mid: [2573.48, 16.45, 27.01]
5. mid: [2578.59, 16.51, 26.98]
5. mid: [2587.65, 16.58, 25.03]
5. mid: [2589.64, 16.4, 26.39]
5. mid: [2611.44, 16.4, 27.13]
5. mid: [2633.46, 16.38, 26.67]
5. mid: [2636.37, 16.39, 26.65]
5. mid: [2702.01, 16.24, 26.38]
5. mid: [2712.81, 16.32, 26.37]
5. mid: [2922.15, 15.68, 24.21]
5. mid: [2952.79, 15.61, 24.04]
5. mid: [2957.09, 15.59, 23.95]
5. mid: [2962.3, 15.59, 23.92]
5. mid: [2967.09, 15.58, 23.86]
5. mid: [2967.25, 15.57, 23.87]
5. mid: [2968.18, 15.57, 23.89]
5. mid: [2968.73, 15.57, 23.84]
5. mid: [2969.19, 15.55, 23.87]
5. mid: [2970.73, 15.56, 23.84]
5. mid: [2970.84, 15.54, 23.82]
5. mid: [2973.55, 15.56, 23.85]
5. mid: [2973.55, 15.58, 23.83]
5. mid: [2973.67, 15.55, 23.84]
5. mid: [2986.27, 15.53, 23.74]

6. top: [1613, 18, 40]
6. top: [1613, 18, 40]
6. top: [1613, 18, 40]
6. top: [1613, 18, 40]
6. top: [1613, 18, 40]
6. top: [1613, 18, 40]
6. top: [1613, 18, 40]
6. top: [1613, 18, 40]
6. top: [1613, 18, 40]
6. top: [1613, 18, 40]
6. top: [1755, 16.9, 40]
6. top: [1755, 16.9, 40]
6. top: [1755, 16.9, 40]
6. top: [1755, 16.9, 40]
6. top: [1755, 16.9, 40]
6. top: [1755, 16.9, 40]
6. top: [1755, 16.9, 40]
6. top: [1755, 16.9, 40]
6. top: [1755, 16.9, 40]
6. top: [1755, 16.9, 40]
6. top: [1795, 17.4, 30]
6. top: [1795, 17.4, 30]
6. top: [1795, 17.4, 30]
6. top: [1795, 17.4, 30]
6. top: [1795, 17.4, 30]
6. top: [1795, 17.4, 30]
6. top: [1795, 17.4, 30]
6. top: [1795, 17.4, 30]
6. top: [1834, 19, 30]
6. top: [1834, 19, 30]
6. top: [1834, 19, 30]
6. top: [1834, 19, 30]
6. top: [1834, 19, 30]
6. top: [1834, 19, 30]
6. top: [1834, 19, 30]
6. top: [1834, 19, 30]
6. top: [1834, 19, 30]
6. top: [1834, 19, 30]
6. top: [1835, 17.3, 40]
6. top: [1835, 17.3, 40]
6. top: [1835, 17.3, 40]
6. top: [1835, 17.3, 40]
6. top: [1835, 17.3, 40]
6. top: [1835, 17.3, 40]
6. top: [1835, 17.3, 40]
6. top: [1835, 17.3, 40]
6. top: [1835, 17.3, 40]
6. top: [1835, 17.3, 40]
6. top: [1835, 20.5, 30]
6. top: [1835, 20.5, 30]
6. top: [1836, 21, 30]
6. top: [1836, 21, 30]
6. top: [1836, 21, 30]
6. top: [1836, 21, 30]
6. top: [1836, 21, 30]
6. top: [1836, 21, 30]
6. top: [1836, 21, 30]
6. top: [1836, 21, 30]
6. top: [1836, 21, 30]
6. top: [1836, 21, 30]
6. top: [1836, 21, 30]
6. top: [1836, 21, 30]
6. top: [1836, 21, 30]
6. top: [1836, 21, 30]
6. top: [1836, 21, 30]
6. top: [1836, 21, 30]
6. top: [1836, 21, 30]
6. top: [1836, 21, 30]
6. top: [1836, 21, 30]
6. top: [1836, 21, 30]
6. top: [1867, 19.5, 30]
6. top: [1867, 19.5, 30]
6. top: [1867, 19.5, 30]
6. top: [1867, 19.5, 30]
6. top: [1867, 19.5, 30]
6. top: [1867, 19.5, 30]
6. top: [1867, 19.5, 30]
6. top: [1867, 19.5, 30]
6. top: [1940, 14.5, 30]
6. top: [1940, 14.5, 30]
6. top: [1940, 14.5, 30]
6. top: [1940, 14.5, 30]
6. top: [1940, 14.5, 30]
6. top: [1955, 20.5, 30]
6. top: [1955, 20.5, 30]
6. top: [1955, 20.5, 30]
6. top: [1955, 20.5, 30]
6. top: [1955, 20.5, 30]
6. top: [1955, 20.5, 30]
6. top: [1955, 20.5, 30]
6. top: [1968, 18.8, 40]
6. top: [1985, 19.4, 30]
6. top: [1985, 19.4, 30]
6. top: [1985, 19.4, 30]
6. top: [1985, 19.4, 30]
6. top: [1985, 19.4, 30]
6. top: [1985, 19.4, 30]
6. top: [1985, 19.4, 30]
6. top: [1985, 19.4, 30]
6. top: [1985, 19.4, 30]
6. top: [1985, 19.4, 30]
6. top: [2003, 19, 30]
6. top: [2003, 19, 30]
6. top: [2003, 19, 30]
6. top: [2003, 19, 30]
6. top: [2003, 19, 30]
6. top: [2003, 19, 30]
6. top: [2003, 19, 30]
6. top: [2035, 22.2, 30]
6. top: [2035, 22.2, 30]
6. top: [2035, 22.2, 30]
6. top: [2035, 22.2, 30]
6. top: [2035, 22.2, 30]
6. top: [2035, 22.2, 30]
6. top: [2035, 22.2, 30]
6. top: [2035, 22.2, 30]
6. top: [2035, 22.2, 30]
6. top: [2035, 22.2, 30]
6. top: [2065, 17.8, 30]
6. top: [2065, 17.8, 30]
6. top: [2065, 17.8, 30]
6. top: [2065, 17.8, 30]
6. top: [2065, 17.8, 30]
6. top: [2065, 17.8, 30]
6. top: [2065, 17.8, 30]
6. top: [2065, 17.8, 30]
6. top: [2065, 17.8, 30]
6. top: [2070, 18.6, 40]
6. top: [2070, 18.6, 40]
6. top: [2070, 18.6, 40]
6. top: [2070, 18.6, 40]
6. top: [2070, 18.6, 40]
6. top: [2070, 18.6, 40]
6. top: [2070, 18.6, 40]
6. top: [2070, 18.6, 40]
6. top: [2070, 18.6, 40]
6. top: [2070, 18.6, 40]
6. top: [2074, 19.5, 30]
6. top: [2120, 15.5, 30]
6. top: [2120, 15.5, 30]
6. top: [2120, 15.5, 30]
6. top: [2120, 15.5, 30]
6. top: [2120, 15.5, 30]
6. top: [2120, 15.5, 30]
6. top: [2126, 17, 30]
6. top: [2126, 17, 30]
6. top: [2126, 17, 30]
6. top: [2126, 17, 30]
6. top: [2164, 22.1, 20]
6. top: [2171, 16, 30]
6. top: [2171, 16, 30]
6. top: [2171, 16, 30]
6. top: [2171, 16, 30]
6. top: [2171, 16, 30]
6. top: [2219, 16.5, 30]
6. top: [2219, 16.5, 30]
6. top: [2219, 16.5, 30]
6. top: [2220, 16.9, 30]
6. top: [2220, 16.9, 30]
6. top: [2220, 16.9, 30]
6. top: [2220, 16.9, 30]
6. top: [2220, 16.9, 30]
6. top: [2220, 16.9, 30]
6. top: [2220, 16.9, 30]
6. top: [2220, 16.9, 30]
6. top: [2220, 16.9, 30]
6. top: [2220, 16.9, 30]
6. top: [2350, 16.8, 30]
6. top: [2350, 16.8, 30]
6. top: [2350, 16.8, 30]
6. top: [2350, 16.8, 30]
6. top: [2380, 20.7, 30]
6. top: [2380, 20.7, 30]
6. top: [2380, 20.7, 30]
6. top: [2380, 20.7, 30]
6. top: [2380, 20.7, 30]
6. top: [2380, 20.7, 30]
6. top: [2380, 20.7, 30]
6. top: [2380, 20.7, 30]
6. top: [2380, 20.7, 30]
6. top: [2380, 20.7, 30]
6. top: [2451, 16.5, 30]
6. top: [2451, 16.5, 30]
6. top: [2464, 15.5, 30]
6. top: [2464, 15.5, 30]
6. top: [2472, 14, 20]
6. top: [2472, 14, 20]
6. top: [2472, 14, 20]
6. top: [2870, 18.1, 30]
6. top: [2870, 18.1, 30]
6. top: [2950, 17.3, 30]
6. top: [2950, 17.3, 30]
6. top: [2950, 17.3, 30]
6. top: [2950, 19.9, 40]
6. top: [2950, 19.9, 40]
6. top: [2950, 19.9, 40]
6. top: [2950, 19.9, 40]
6. top: [2950, 19.9, 40]
6. top: [3420, 22.2, 20]
6. top: [3535, 19.2, 20]
